
rgb.elf:     file format elf32-msp430


Disassembly of section .text:

0000f800 <__init_stack>:
    f800:	31 40 80 02 	mov	#640,	r1	;#0x0280

0000f804 <__low_level_init>:
    f804:	15 42 20 01 	mov	&0x0120,r5	
    f808:	75 f3       	and.b	#-1,	r5	;r3 As==11
    f80a:	35 d0 08 5a 	bis	#23048,	r5	;#0x5a08

0000f80e <__do_copy_data>:
    f80e:	3f 40 00 00 	mov	#0,	r15	;#0x0000
    f812:	0f 93       	tst	r15		
    f814:	07 24       	jz	$+16     	;abs 0xf824
    f816:	82 45 20 01 	mov	r5,	&0x0120	
    f81a:	2f 83       	decd	r15		
    f81c:	9f 4f 40 f9 	mov	-1728(r15),512(r15);0xf940(r15), 0x0200(r15)
    f820:	00 02 
    f822:	f9 23       	jnz	$-12     	;abs 0xf816

0000f824 <__do_clear_bss>:
    f824:	3f 40 06 00 	mov	#6,	r15	;#0x0006
    f828:	0f 93       	tst	r15		
    f82a:	06 24       	jz	$+14     	;abs 0xf838
    f82c:	82 45 20 01 	mov	r5,	&0x0120	
    f830:	1f 83       	dec	r15		
    f832:	cf 43 00 02 	mov.b	#0,	512(r15);r3 As==00, 0x0200(r15)
    f836:	fa 23       	jnz	$-10     	;abs 0xf82c

0000f838 <main>:
    f838:	b2 40 80 5a 	mov	#23168,	&0x0120	;#0x5a80
    f83c:	20 01 
    f83e:	f2 d0 0f 00 	bis.b	#15,	&0x0022	;#0x000f
    f842:	22 00 
    f844:	b2 40 10 00 	mov	#16,	&0x0162	;#0x0010
    f848:	62 01 
    f84a:	b2 40 64 00 	mov	#100,	&0x0172	;#0x0064
    f84e:	72 01 
    f850:	b2 40 10 02 	mov	#528,	&0x0160	;#0x0210
    f854:	60 01 
    f856:	c2 43 2e 00 	mov.b	#0,	&0x002e	;r3 As==00
    f85a:	f2 40 c0 ff 	mov.b	#-64,	&0x002f	;#0xffc0
    f85e:	2f 00 
    f860:	32 d2       	eint			
    f862:	0f 43       	clr	r15		
    f864:	0e 4f       	mov	r15,	r14	
    f866:	3d 40 05 00 	mov	#5,	r13	;#0x0005
    f86a:	01 3c       	jmp	$+4      	;abs 0xf86e
    f86c:	0f 43       	clr	r15		
    f86e:	c2 93 28 00 	tst.b	&0x0028	
    f872:	0d 34       	jge	$+28     	;abs 0xf88e
    f874:	0d 9f       	cmp	r15,	r13	
    f876:	fa 2f       	jc	$-10     	;abs 0xf86c
    f878:	1e 53       	inc	r14		
    f87a:	0f 4e       	mov	r14,	r15	
    f87c:	2f f2       	and	#4,	r15	;r2 As==10
    f87e:	0f 5f       	rla	r15		
    f880:	0c 4e       	mov	r14,	r12	
    f882:	3c f0 03 00 	and	#3,	r12	;#0x0003
    f886:	0f dc       	bis	r12,	r15	
    f888:	82 4f 04 02 	mov	r15,	&0x0204	
    f88c:	ef 3f       	jmp	$-32     	;abs 0xf86c
    f88e:	1f 53       	inc	r15		
    f890:	ee 3f       	jmp	$-34     	;abs 0xf86e

0000f892 <__stop_progExec__>:
    f892:	32 d0 f0 00 	bis	#240,	r2	;#0x00f0
    f896:	fd 3f       	jmp	$-4      	;abs 0xf892

0000f898 <__ctors_end>:
    f898:	30 40 3e f9 	br	#0xf93e	

0000f89c <Timer_A>:
    f89c:	0f 12       	push	r15		
    f89e:	0e 12       	push	r14		
    f8a0:	0d 12       	push	r13		
    f8a2:	0c 12       	push	r12		
    f8a4:	0b 12       	push	r11		
    f8a6:	0a 12       	push	r10		
    f8a8:	92 53 00 02 	inc	&0x0200	
    f8ac:	1e 42 00 02 	mov	&0x0200,r14	
    f8b0:	3e f0 03 00 	and	#3,	r14	;#0x0003
    f8b4:	03 24       	jz	$+8      	;abs 0xf8bc
    f8b6:	c2 43 21 00 	mov.b	#0,	&0x0021	;r3 As==00
    f8ba:	2c 3c       	jmp	$+90     	;abs 0xf914
    f8bc:	1f 42 04 02 	mov	&0x0204,r15	
    f8c0:	0d 4f       	mov	r15,	r13	
    f8c2:	3d f2       	and	#8,	r13	;r2 As==11
    f8c4:	0d 9e       	cmp	r14,	r13	
    f8c6:	0a 24       	jz	$+22     	;abs 0xf8dc
    f8c8:	1c 42 02 02 	mov	&0x0202,r12	
    f8cc:	3a 40 03 00 	mov	#3,	r10	;#0x0003
    f8d0:	b0 12 22 f9 	call	#0xf922	
    f8d4:	0e 93       	tst	r14		
    f8d6:	02 20       	jnz	$+6      	;abs 0xf8dc
    f8d8:	3f f0 f7 ff 	and	#-9,	r15	;#0xfff7
    f8dc:	2f b3       	bit	#2,	r15	;r3 As==10
    f8de:	0a 24       	jz	$+22     	;abs 0xf8f4
    f8e0:	1c 42 02 02 	mov	&0x0202,r12	
    f8e4:	3a 40 09 00 	mov	#9,	r10	;#0x0009
    f8e8:	b0 12 22 f9 	call	#0xf922	
    f8ec:	0e 93       	tst	r14		
    f8ee:	02 20       	jnz	$+6      	;abs 0xf8f4
    f8f0:	3f f0 fd ff 	and	#-3,	r15	;#0xfffd
    f8f4:	1f b3       	bit	#1,	r15	;r3 As==01
    f8f6:	0a 24       	jz	$+22     	;abs 0xf90c
    f8f8:	1c 42 02 02 	mov	&0x0202,r12	
    f8fc:	3a 40 05 00 	mov	#5,	r10	;#0x0005
    f900:	b0 12 22 f9 	call	#0xf922	
    f904:	0e 93       	tst	r14		
    f906:	02 20       	jnz	$+6      	;abs 0xf90c
    f908:	3f f0 fe ff 	and	#-2,	r15	;#0xfffe
    f90c:	c2 4f 21 00 	mov.b	r15,	&0x0021	
    f910:	92 53 02 02 	inc	&0x0202	
    f914:	3a 41       	pop	r10		
    f916:	3b 41       	pop	r11		
    f918:	3c 41       	pop	r12		
    f91a:	3d 41       	pop	r13		
    f91c:	3e 41       	pop	r14		
    f91e:	3f 41       	pop	r15		
    f920:	00 13       	reti			

0000f922 <__udivmodhi4>:
    f922:	0e ee       	xor	r14,	r14	
    f924:	3b 40 11 00 	mov	#17,	r11	;#0x0011
    f928:	05 3c       	jmp	$+12     	;abs 0xf934
    f92a:	0d 10       	rrc	r13		
    f92c:	0e 6e       	rlc	r14		
    f92e:	0e 9a       	cmp	r10,	r14	
    f930:	01 28       	jnc	$+4      	;abs 0xf934
    f932:	0e 8a       	sub	r10,	r14	
    f934:	0c 6c       	rlc	r12		
    f936:	0d 6d       	rlc	r13		
    f938:	1b 83       	dec	r11		
    f93a:	f7 23       	jnz	$-16     	;abs 0xf92a
    f93c:	30 41       	ret			

0000f93e <_unexpected_>:
    f93e:	00 13       	reti			

Disassembly of section .bss:

00000200 <__bss_start>:
	...

00000202 <ticks>:
	...

00000204 <outp>:
	...

Disassembly of section .vectors:

0000ffe0 <__ivtbl_16>:
    ffe0:	98 f8 98 f8 	and	-1896(r8),-1896(r8);0xf898(r8), 0xf898(r8)
    ffe4:	98 f8 
    ffe6:	98 f8 98 f8 	and	-1896(r8),-1896(r8);0xf898(r8), 0xf898(r8)
    ffea:	98 f8 
    ffec:	98 f8 98 f8 	and	-1896(r8),-1896(r8);0xf898(r8), 0xf898(r8)
    fff0:	98 f8 
    fff2:	9c f8 98 f8 	and	-1896(r8),-1896(r12);0xf898(r8), 0xf898(r12)
    fff6:	98 f8 
    fff8:	98 f8 98 f8 	and	-1896(r8),-1896(r8);0xf898(r8), 0xf898(r8)
    fffc:	98 f8 
    fffe:	00 f8       	and	r8,	r0	

Disassembly of section .debug_aranges:

00000000 <.debug_aranges>:
   0:	10 00       	.word	0x0010;	????	
   2:	00 00       	.word	0x0000;	????	
   4:	02 00       	.word	0x0002;	????	
   6:	00 00       	.word	0x0000;	????	
   8:	00 00       	.word	0x0000;	????	
   a:	02 00       	.word	0x0002;	????	
   c:	22 f9       	and	@r9,	r2	
   e:	1c 00       	.word	0x001c;	????	
  10:	00 00       	.word	0x0000;	????	
  12:	00 00       	.word	0x0000;	????	
  14:	10 00       	.word	0x0010;	????	
  16:	00 00       	.word	0x0000;	????	
  18:	02 00       	.word	0x0002;	????	
  1a:	cf 00       	.word	0x00cf;	????	
  1c:	00 00       	.word	0x0000;	????	
  1e:	02 00       	.word	0x0002;	????	
  20:	00 f8       	and	r8,	r0	
  22:	04 00       	.word	0x0004;	????	
  24:	00 00       	.word	0x0000;	????	
  26:	00 00       	.word	0x0000;	????	
  28:	10 00       	.word	0x0010;	????	
  2a:	00 00       	.word	0x0000;	????	
  2c:	02 00       	.word	0x0002;	????	
  2e:	88 01       	.word	0x0188;	????	
  30:	00 00       	.word	0x0000;	????	
  32:	02 00       	.word	0x0002;	????	
  34:	04 f8       	and	r8,	r4	
  36:	0a 00       	.word	0x000a;	????	
  38:	00 00       	.word	0x0000;	????	
  3a:	00 00       	.word	0x0000;	????	
  3c:	10 00       	.word	0x0010;	????	
  3e:	00 00       	.word	0x0000;	????	
  40:	02 00       	.word	0x0002;	????	
  42:	41 02       	.word	0x0241;	????	
  44:	00 00       	.word	0x0000;	????	
  46:	02 00       	.word	0x0002;	????	
  48:	0e f8       	and	r8,	r14	
  4a:	16 00       	.word	0x0016;	????	
  4c:	00 00       	.word	0x0000;	????	
  4e:	00 00       	.word	0x0000;	????	
  50:	10 00       	.word	0x0010;	????	
  52:	00 00       	.word	0x0000;	????	
  54:	02 00       	.word	0x0002;	????	
  56:	fa 02       	.word	0x02fa;	????	
  58:	00 00       	.word	0x0000;	????	
  5a:	02 00       	.word	0x0002;	????	
  5c:	24 f8       	and	@r8,	r4	
  5e:	14 00       	.word	0x0014;	????	
  60:	00 00       	.word	0x0000;	????	
  62:	00 00       	.word	0x0000;	????	
  64:	10 00       	.word	0x0010;	????	
  66:	00 00       	.word	0x0000;	????	
  68:	02 00       	.word	0x0002;	????	
  6a:	b3 03       	.word	0x03b3;	????	
  6c:	00 00       	.word	0x0000;	????	
  6e:	02 00       	.word	0x0002;	????	
  70:	92 f8 06 00 	and	6(r8),	&0x0000	;0x0006(r8)
  74:	00 00 
  76:	00 00       	.word	0x0000;	????	
  78:	10 00       	.word	0x0010;	????	
  7a:	00 00       	.word	0x0000;	????	
  7c:	02 00       	.word	0x0002;	????	
  7e:	6c 04       	.word	0x046c;	????	
  80:	00 00       	.word	0x0000;	????	
  82:	02 00       	.word	0x0002;	????	
  84:	3e f9       	and	@r9+,	r14	
  86:	02 00       	.word	0x0002;	????	
  88:	00 00       	.word	0x0000;	????	
	...

Disassembly of section .debug_info:

00000000 <.debug_info>:
   0:	cb 00       	.word	0x00cb;	????	
   2:	00 00       	.word	0x0000;	????	
   4:	02 00       	.word	0x0002;	????	
   6:	00 00       	.word	0x0000;	????	
   8:	00 00       	.word	0x0000;	????	
   a:	02 01       	.word	0x0102;	????	
   c:	00 00       	.word	0x0000;	????	
   e:	00 00       	.word	0x0000;	????	
  10:	22 f9       	and	@r9,	r2	
  12:	3e f9       	and	@r9+,	r14	
  14:	2f 62       	addc	#4,	r15	;r2 As==10
  16:	75 69       	addc.b	@r9+,	r5	
  18:	6c 64       	addc.b	@r4,	r12	
  1a:	2f 62       	addc	#4,	r15	;r2 As==10
  1c:	75 69       	addc.b	@r9+,	r5	
  1e:	6c 64       	addc.b	@r4,	r12	
  20:	64 2f       	jc	$-310    	;abs 0xfeea
  22:	67 63       	addc.b	#2,	r7	;r3 As==10
  24:	63 2d       	jc	$+712    	;abs 0x2ec
  26:	6d 73       	subc.b	#2,	r13	;r3 As==10
  28:	70 34       	jge	$+226    	;abs 0x10a
  2a:	33 30       	jn	$+104    	;abs 0x92
  2c:	2d 34       	jge	$+92     	;abs 0x88
  2e:	2e 35       	jge	$+606    	;abs 0x28c
  30:	2e 33       	jn	$-418    	;abs 0xfe8e
  32:	7e 6d       	addc.b	@r13+,	r14	
  34:	73 70       	.word	0x7073;	????	Illegal as 2-op instr
  36:	67 63       	addc.b	#2,	r7	;r3 As==10
  38:	63 2d       	jc	$+712    	;abs 0x300
  3a:	32 30       	jn	$+102    	;abs 0xa0
  3c:	31 31       	jn	$+612    	;abs 0x2a0
  3e:	30 37       	jge	$-414    	;abs 0xfea0
  40:	31 36       	jge	$-924    	;abs 0xfca4
  42:	2f 2e       	jc	$-928    	;abs 0xfca2
  44:	2f 67       	addc	@r7,	r15	
  46:	63 63       	.word	0x6363;	????	Illegal as 2-op instr
  48:	2d 34       	jge	$+92     	;abs 0xa4
  4a:	2e 35       	jge	$+606    	;abs 0x2a8
  4c:	2e 33       	jn	$-418    	;abs 0xfeaa
  4e:	2f 6c       	addc	@r12,	r15	
  50:	69 62       	addc.b	#4,	r9	;r2 As==10
  52:	67 63       	addc.b	#2,	r7	;r3 As==10
  54:	63 2f       	jc	$-312    	;abs 0xff1c
  56:	2e 2e       	jc	$-930    	;abs 0xfcb4
  58:	2f 67       	addc	@r7,	r15	
  5a:	63 63       	.word	0x6363;	????	Illegal as 2-op instr
  5c:	2f 63       	addc	#2,	r15	;r3 As==10
  5e:	6f 6e       	addc.b	@r14,	r15	
  60:	66 69       	addc.b	@r9,	r6	
  62:	67 2f       	jc	$-304    	;abs 0xff32
  64:	6d 73       	subc.b	#2,	r13	;r3 As==10
  66:	70 34       	jge	$+226    	;abs 0x148
  68:	33 30       	jn	$+104    	;abs 0xd0
  6a:	2f 6c       	addc	@r12,	r15	
  6c:	69 62       	addc.b	#4,	r9	;r2 As==10
  6e:	67 63       	addc.b	#2,	r7	;r3 As==10
  70:	63 2e       	jc	$-824    	;abs 0xfd38
  72:	53 00       	.word	0x0053;	????	
  74:	2f 62       	addc	#4,	r15	;r2 As==10
  76:	75 69       	addc.b	@r9+,	r5	
  78:	6c 64       	addc.b	@r4,	r12	
  7a:	2f 62       	addc	#4,	r15	;r2 As==10
  7c:	75 69       	addc.b	@r9+,	r5	
  7e:	6c 64       	addc.b	@r4,	r12	
  80:	64 2f       	jc	$-310    	;abs 0xff4a
  82:	67 63       	addc.b	#2,	r7	;r3 As==10
  84:	63 2d       	jc	$+712    	;abs 0x34c
  86:	6d 73       	subc.b	#2,	r13	;r3 As==10
  88:	70 34       	jge	$+226    	;abs 0x16a
  8a:	33 30       	jn	$+104    	;abs 0xf2
  8c:	2d 34       	jge	$+92     	;abs 0xe8
  8e:	2e 35       	jge	$+606    	;abs 0x2ec
  90:	2e 33       	jn	$-418    	;abs 0xfeee
  92:	7e 6d       	addc.b	@r13+,	r14	
  94:	73 70       	.word	0x7073;	????	Illegal as 2-op instr
  96:	67 63       	addc.b	#2,	r7	;r3 As==10
  98:	63 2d       	jc	$+712    	;abs 0x360
  9a:	32 30       	jn	$+102    	;abs 0x100
  9c:	31 31       	jn	$+612    	;abs 0x300
  9e:	30 37       	jge	$-414    	;abs 0xff00
  a0:	31 36       	jge	$-924    	;abs 0xfd04
  a2:	2f 62       	addc	#4,	r15	;r2 As==10
  a4:	75 69       	addc.b	@r9+,	r5	
  a6:	6c 64       	addc.b	@r4,	r12	
  a8:	2d 72       	subc	#4,	r13	;r2 As==10
  aa:	65 73       	subc.b	#2,	r5	;r3 As==10
  ac:	75 6c       	addc.b	@r12+,	r5	
  ae:	74 2f       	jc	$-278    	;abs 0xff98
  b0:	6d 73       	subc.b	#2,	r13	;r3 As==10
  b2:	70 34       	jge	$+226    	;abs 0x194
  b4:	33 30       	jn	$+104    	;abs 0x11c
  b6:	2f 6c       	addc	@r12,	r15	
  b8:	69 62       	addc.b	#4,	r9	;r2 As==10
  ba:	67 63       	addc.b	#2,	r7	;r3 As==10
  bc:	63 00       	.word	0x0063;	????	
  be:	47 4e       	mov.b	r14,	r7	
  c0:	55 20       	jnz	$+172    	;abs 0x16c
  c2:	41 53       	add.b	#0,	r1	;r3 As==00
  c4:	20 32       	jn	$-958    	;abs 0xfd06
  c6:	2e 32       	jn	$-930    	;abs 0xfd24
  c8:	31 2e       	jc	$-924    	;abs 0xfd2c
  ca:	39 30       	jn	$+116    	;abs 0x13e
  cc:	00 01       	.word	0x0100;	????	
  ce:	80 b5 00 00 	bit	r5,	0x0000	;PC rel. 0x000d2
  d2:	00 02       	.word	0x0200;	????	
  d4:	00 14       	.word	0x1400;	????	
  d6:	00 00       	.word	0x0000;	????	
  d8:	00 02       	.word	0x0200;	????	
  da:	01 9a       	cmp	r10,	r1	
  dc:	00 00       	.word	0x0000;	????	
  de:	00 00       	.word	0x0000;	????	
  e0:	f8 04       	.word	0x04f8;	????	
  e2:	f8 2f       	jc	$-14     	;abs 0xd4
  e4:	62 75       	subc.b	@r5,	r2	
  e6:	69 6c       	addc.b	@r12,	r9	
  e8:	64 2f       	jc	$-310    	;abs 0xffb2
  ea:	62 75       	subc.b	@r5,	r2	
  ec:	69 6c       	addc.b	@r12,	r9	
  ee:	64 64       	addc.b	@r4,	r4	
  f0:	2f 67       	addc	@r7,	r15	
  f2:	63 63       	.word	0x6363;	????	Illegal as 2-op instr
  f4:	2d 6d       	addc	@r13,	r13	
  f6:	73 70       	.word	0x7073;	????	Illegal as 2-op instr
  f8:	34 33       	jn	$-406    	;abs 0xff62
  fa:	30 2d       	jc	$+610    	;abs 0x35c
  fc:	34 2e       	jc	$-918    	;abs 0xfd66
  fe:	35 2e       	jc	$-916    	;abs 0xfd6a
 100:	33 7e       	.word	0x7e33;	????	Illegal as 2-op instr
 102:	6d 73       	subc.b	#2,	r13	;r3 As==10
 104:	70 67       	addc.b	@r7+,	r0	
 106:	63 63       	.word	0x6363;	????	Illegal as 2-op instr
 108:	2d 32       	jn	$-932    	;abs 0xfd64
 10a:	30 31       	jn	$+610    	;abs 0x36c
 10c:	31 30       	jn	$+100    	;abs 0x170
 10e:	37 31       	jn	$+624    	;abs 0x37e
 110:	36 2f       	jc	$-402    	;abs 0xff7e
 112:	2e 2f       	jc	$-418    	;abs 0xff70
 114:	67 63       	addc.b	#2,	r7	;r3 As==10
 116:	63 2d       	jc	$+712    	;abs 0x3de
 118:	34 2e       	jc	$-918    	;abs 0xfd82
 11a:	35 2e       	jc	$-916    	;abs 0xfd86
 11c:	33 2f       	jc	$-408    	;abs 0xff84
 11e:	67 63       	addc.b	#2,	r7	;r3 As==10
 120:	63 2f       	jc	$-312    	;abs 0xffe8
 122:	63 6f       	.word	0x6f63;	????	Illegal as 2-op instr
 124:	6e 66       	addc.b	@r6,	r14	
 126:	69 67       	addc.b	@r7,	r9	
 128:	2f 6d       	addc	@r13,	r15	
 12a:	73 70       	.word	0x7073;	????	Illegal as 2-op instr
 12c:	34 33       	jn	$-406    	;abs 0xff96
 12e:	30 2f       	jc	$-414    	;abs 0xff90
 130:	63 72       	.word	0x7263;	????	Illegal as 2-op instr
 132:	74 30       	jn	$+234    	;abs 0x21c
 134:	2e 53       	incd	r14		
 136:	00 2f       	jc	$-510    	;abs 0xff38
 138:	62 75       	subc.b	@r5,	r2	
 13a:	69 6c       	addc.b	@r12,	r9	
 13c:	64 2f       	jc	$-310    	;abs 0x6
 13e:	62 75       	subc.b	@r5,	r2	
 140:	69 6c       	addc.b	@r12,	r9	
 142:	64 64       	addc.b	@r4,	r4	
 144:	2f 67       	addc	@r7,	r15	
 146:	63 63       	.word	0x6363;	????	Illegal as 2-op instr
 148:	2d 6d       	addc	@r13,	r13	
 14a:	73 70       	.word	0x7073;	????	Illegal as 2-op instr
 14c:	34 33       	jn	$-406    	;abs 0xffb6
 14e:	30 2d       	jc	$+610    	;abs 0x3b0
 150:	34 2e       	jc	$-918    	;abs 0xfdba
 152:	35 2e       	jc	$-916    	;abs 0xfdbe
 154:	33 7e       	.word	0x7e33;	????	Illegal as 2-op instr
 156:	6d 73       	subc.b	#2,	r13	;r3 As==10
 158:	70 67       	addc.b	@r7+,	r0	
 15a:	63 63       	.word	0x6363;	????	Illegal as 2-op instr
 15c:	2d 32       	jn	$-932    	;abs 0xfdb8
 15e:	30 31       	jn	$+610    	;abs 0x3c0
 160:	31 30       	jn	$+100    	;abs 0x1c4
 162:	37 31       	jn	$+624    	;abs 0x3d2
 164:	36 2f       	jc	$-402    	;abs 0xffd2
 166:	62 75       	subc.b	@r5,	r2	
 168:	69 6c       	addc.b	@r12,	r9	
 16a:	64 2d       	jc	$+714    	;abs 0x434
 16c:	72 65       	addc.b	@r5+,	r2	
 16e:	73 75       	.word	0x7573;	????	Illegal as 2-op instr
 170:	6c 74       	subc.b	@r4,	r12	
 172:	2f 67       	addc	@r7,	r15	
 174:	63 63       	.word	0x6363;	????	Illegal as 2-op instr
 176:	00 47       	br	r7		
 178:	4e 55       	add.b	r5,	r14	
 17a:	20 41       	br	@r1		
 17c:	53 20       	jnz	$+168    	;abs 0x224
 17e:	32 2e       	jc	$-922    	;abs 0xfde4
 180:	32 31       	jn	$+614    	;abs 0x3e6
 182:	2e 39       	jl	$+606    	;abs 0x3e0
 184:	30 00       	.word	0x0030;	????	
 186:	01 80       	sub	r0,	r1	
 188:	b5 00       	.word	0x00b5;	????	
 18a:	00 00       	.word	0x0000;	????	
 18c:	02 00       	.word	0x0002;	????	
 18e:	28 00       	.word	0x0028;	????	
 190:	00 00       	.word	0x0000;	????	
 192:	02 01       	.word	0x0102;	????	
 194:	1c 01       	.word	0x011c;	????	
 196:	00 00       	.word	0x0000;	????	
 198:	04 f8       	and	r8,	r4	
 19a:	0e f8       	and	r8,	r14	
 19c:	2f 62       	addc	#4,	r15	;r2 As==10
 19e:	75 69       	addc.b	@r9+,	r5	
 1a0:	6c 64       	addc.b	@r4,	r12	
 1a2:	2f 62       	addc	#4,	r15	;r2 As==10
 1a4:	75 69       	addc.b	@r9+,	r5	
 1a6:	6c 64       	addc.b	@r4,	r12	
 1a8:	64 2f       	jc	$-310    	;abs 0x72
 1aa:	67 63       	addc.b	#2,	r7	;r3 As==10
 1ac:	63 2d       	jc	$+712    	;abs 0x474
 1ae:	6d 73       	subc.b	#2,	r13	;r3 As==10
 1b0:	70 34       	jge	$+226    	;abs 0x292
 1b2:	33 30       	jn	$+104    	;abs 0x21a
 1b4:	2d 34       	jge	$+92     	;abs 0x210
 1b6:	2e 35       	jge	$+606    	;abs 0x414
 1b8:	2e 33       	jn	$-418    	;abs 0x16
 1ba:	7e 6d       	addc.b	@r13+,	r14	
 1bc:	73 70       	.word	0x7073;	????	Illegal as 2-op instr
 1be:	67 63       	addc.b	#2,	r7	;r3 As==10
 1c0:	63 2d       	jc	$+712    	;abs 0x488
 1c2:	32 30       	jn	$+102    	;abs 0x228
 1c4:	31 31       	jn	$+612    	;abs 0x428
 1c6:	30 37       	jge	$-414    	;abs 0x28
 1c8:	31 36       	jge	$-924    	;abs 0xfe2c
 1ca:	2f 2e       	jc	$-928    	;abs 0xfe2a
 1cc:	2f 67       	addc	@r7,	r15	
 1ce:	63 63       	.word	0x6363;	????	Illegal as 2-op instr
 1d0:	2d 34       	jge	$+92     	;abs 0x22c
 1d2:	2e 35       	jge	$+606    	;abs 0x430
 1d4:	2e 33       	jn	$-418    	;abs 0x32
 1d6:	2f 67       	addc	@r7,	r15	
 1d8:	63 63       	.word	0x6363;	????	Illegal as 2-op instr
 1da:	2f 63       	addc	#2,	r15	;r3 As==10
 1dc:	6f 6e       	addc.b	@r14,	r15	
 1de:	66 69       	addc.b	@r9,	r6	
 1e0:	67 2f       	jc	$-304    	;abs 0xb0
 1e2:	6d 73       	subc.b	#2,	r13	;r3 As==10
 1e4:	70 34       	jge	$+226    	;abs 0x2c6
 1e6:	33 30       	jn	$+104    	;abs 0x24e
 1e8:	2f 63       	addc	#2,	r15	;r3 As==10
 1ea:	72 74       	subc.b	@r4+,	r2	
 1ec:	30 2e       	jc	$-926    	;abs 0xfe4e
 1ee:	53 00       	.word	0x0053;	????	
 1f0:	2f 62       	addc	#4,	r15	;r2 As==10
 1f2:	75 69       	addc.b	@r9+,	r5	
 1f4:	6c 64       	addc.b	@r4,	r12	
 1f6:	2f 62       	addc	#4,	r15	;r2 As==10
 1f8:	75 69       	addc.b	@r9+,	r5	
 1fa:	6c 64       	addc.b	@r4,	r12	
 1fc:	64 2f       	jc	$-310    	;abs 0xc6
 1fe:	67 63       	addc.b	#2,	r7	;r3 As==10
 200:	63 2d       	jc	$+712    	;abs 0x4c8
 202:	6d 73       	subc.b	#2,	r13	;r3 As==10
 204:	70 34       	jge	$+226    	;abs 0x2e6
 206:	33 30       	jn	$+104    	;abs 0x26e
 208:	2d 34       	jge	$+92     	;abs 0x264
 20a:	2e 35       	jge	$+606    	;abs 0x468
 20c:	2e 33       	jn	$-418    	;abs 0x6a
 20e:	7e 6d       	addc.b	@r13+,	r14	
 210:	73 70       	.word	0x7073;	????	Illegal as 2-op instr
 212:	67 63       	addc.b	#2,	r7	;r3 As==10
 214:	63 2d       	jc	$+712    	;abs 0x4dc
 216:	32 30       	jn	$+102    	;abs 0x27c
 218:	31 31       	jn	$+612    	;abs 0x47c
 21a:	30 37       	jge	$-414    	;abs 0x7c
 21c:	31 36       	jge	$-924    	;abs 0xfe80
 21e:	2f 62       	addc	#4,	r15	;r2 As==10
 220:	75 69       	addc.b	@r9+,	r5	
 222:	6c 64       	addc.b	@r4,	r12	
 224:	2d 72       	subc	#4,	r13	;r2 As==10
 226:	65 73       	subc.b	#2,	r5	;r3 As==10
 228:	75 6c       	addc.b	@r12+,	r5	
 22a:	74 2f       	jc	$-278    	;abs 0x114
 22c:	67 63       	addc.b	#2,	r7	;r3 As==10
 22e:	63 00       	.word	0x0063;	????	
 230:	47 4e       	mov.b	r14,	r7	
 232:	55 20       	jnz	$+172    	;abs 0x2de
 234:	41 53       	add.b	#0,	r1	;r3 As==00
 236:	20 32       	jn	$-958    	;abs 0xfe78
 238:	2e 32       	jn	$-930    	;abs 0xfe96
 23a:	31 2e       	jc	$-924    	;abs 0xfe9e
 23c:	39 30       	jn	$+116    	;abs 0x2b0
 23e:	00 01       	.word	0x0100;	????	
 240:	80 b5 00 00 	bit	r5,	0x0000	;PC rel. 0x00244
 244:	00 02       	.word	0x0200;	????	
 246:	00 3c       	jmp	$+2      	;abs 0x248
 248:	00 00       	.word	0x0000;	????	
 24a:	00 02       	.word	0x0200;	????	
 24c:	01 a0       	dadd	r0,	r1	
 24e:	01 00       	.word	0x0001;	????	
 250:	00 0e       	.word	0x0e00;	????	
 252:	f8 24       	jz	$+498    	;abs 0x444
 254:	f8 2f       	jc	$-14     	;abs 0x246
 256:	62 75       	subc.b	@r5,	r2	
 258:	69 6c       	addc.b	@r12,	r9	
 25a:	64 2f       	jc	$-310    	;abs 0x124
 25c:	62 75       	subc.b	@r5,	r2	
 25e:	69 6c       	addc.b	@r12,	r9	
 260:	64 64       	addc.b	@r4,	r4	
 262:	2f 67       	addc	@r7,	r15	
 264:	63 63       	.word	0x6363;	????	Illegal as 2-op instr
 266:	2d 6d       	addc	@r13,	r13	
 268:	73 70       	.word	0x7073;	????	Illegal as 2-op instr
 26a:	34 33       	jn	$-406    	;abs 0xd4
 26c:	30 2d       	jc	$+610    	;abs 0x4ce
 26e:	34 2e       	jc	$-918    	;abs 0xfed8
 270:	35 2e       	jc	$-916    	;abs 0xfedc
 272:	33 7e       	.word	0x7e33;	????	Illegal as 2-op instr
 274:	6d 73       	subc.b	#2,	r13	;r3 As==10
 276:	70 67       	addc.b	@r7+,	r0	
 278:	63 63       	.word	0x6363;	????	Illegal as 2-op instr
 27a:	2d 32       	jn	$-932    	;abs 0xfed6
 27c:	30 31       	jn	$+610    	;abs 0x4de
 27e:	31 30       	jn	$+100    	;abs 0x2e2
 280:	37 31       	jn	$+624    	;abs 0x4f0
 282:	36 2f       	jc	$-402    	;abs 0xf0
 284:	2e 2f       	jc	$-418    	;abs 0xe2
 286:	67 63       	addc.b	#2,	r7	;r3 As==10
 288:	63 2d       	jc	$+712    	;abs 0x550
 28a:	34 2e       	jc	$-918    	;abs 0xfef4
 28c:	35 2e       	jc	$-916    	;abs 0xfef8
 28e:	33 2f       	jc	$-408    	;abs 0xf6
 290:	67 63       	addc.b	#2,	r7	;r3 As==10
 292:	63 2f       	jc	$-312    	;abs 0x15a
 294:	63 6f       	.word	0x6f63;	????	Illegal as 2-op instr
 296:	6e 66       	addc.b	@r6,	r14	
 298:	69 67       	addc.b	@r7,	r9	
 29a:	2f 6d       	addc	@r13,	r15	
 29c:	73 70       	.word	0x7073;	????	Illegal as 2-op instr
 29e:	34 33       	jn	$-406    	;abs 0x108
 2a0:	30 2f       	jc	$-414    	;abs 0x102
 2a2:	63 72       	.word	0x7263;	????	Illegal as 2-op instr
 2a4:	74 30       	jn	$+234    	;abs 0x38e
 2a6:	2e 53       	incd	r14		
 2a8:	00 2f       	jc	$-510    	;abs 0xaa
 2aa:	62 75       	subc.b	@r5,	r2	
 2ac:	69 6c       	addc.b	@r12,	r9	
 2ae:	64 2f       	jc	$-310    	;abs 0x178
 2b0:	62 75       	subc.b	@r5,	r2	
 2b2:	69 6c       	addc.b	@r12,	r9	
 2b4:	64 64       	addc.b	@r4,	r4	
 2b6:	2f 67       	addc	@r7,	r15	
 2b8:	63 63       	.word	0x6363;	????	Illegal as 2-op instr
 2ba:	2d 6d       	addc	@r13,	r13	
 2bc:	73 70       	.word	0x7073;	????	Illegal as 2-op instr
 2be:	34 33       	jn	$-406    	;abs 0x128
 2c0:	30 2d       	jc	$+610    	;abs 0x522
 2c2:	34 2e       	jc	$-918    	;abs 0xff2c
 2c4:	35 2e       	jc	$-916    	;abs 0xff30
 2c6:	33 7e       	.word	0x7e33;	????	Illegal as 2-op instr
 2c8:	6d 73       	subc.b	#2,	r13	;r3 As==10
 2ca:	70 67       	addc.b	@r7+,	r0	
 2cc:	63 63       	.word	0x6363;	????	Illegal as 2-op instr
 2ce:	2d 32       	jn	$-932    	;abs 0xff2a
 2d0:	30 31       	jn	$+610    	;abs 0x532
 2d2:	31 30       	jn	$+100    	;abs 0x336
 2d4:	37 31       	jn	$+624    	;abs 0x544
 2d6:	36 2f       	jc	$-402    	;abs 0x144
 2d8:	62 75       	subc.b	@r5,	r2	
 2da:	69 6c       	addc.b	@r12,	r9	
 2dc:	64 2d       	jc	$+714    	;abs 0x5a6
 2de:	72 65       	addc.b	@r5+,	r2	
 2e0:	73 75       	.word	0x7573;	????	Illegal as 2-op instr
 2e2:	6c 74       	subc.b	@r4,	r12	
 2e4:	2f 67       	addc	@r7,	r15	
 2e6:	63 63       	.word	0x6363;	????	Illegal as 2-op instr
 2e8:	00 47       	br	r7		
 2ea:	4e 55       	add.b	r5,	r14	
 2ec:	20 41       	br	@r1		
 2ee:	53 20       	jnz	$+168    	;abs 0x396
 2f0:	32 2e       	jc	$-922    	;abs 0xff56
 2f2:	32 31       	jn	$+614    	;abs 0x558
 2f4:	2e 39       	jl	$+606    	;abs 0x552
 2f6:	30 00       	.word	0x0030;	????	
 2f8:	01 80       	sub	r0,	r1	
 2fa:	b5 00       	.word	0x00b5;	????	
 2fc:	00 00       	.word	0x0000;	????	
 2fe:	02 00       	.word	0x0002;	????	
 300:	50 00       	.word	0x0050;	????	
 302:	00 00       	.word	0x0000;	????	
 304:	02 01       	.word	0x0102;	????	
 306:	28 02       	.word	0x0228;	????	
 308:	00 00       	.word	0x0000;	????	
 30a:	24 f8       	and	@r8,	r4	
 30c:	38 f8       	and	@r8+,	r8	
 30e:	2f 62       	addc	#4,	r15	;r2 As==10
 310:	75 69       	addc.b	@r9+,	r5	
 312:	6c 64       	addc.b	@r4,	r12	
 314:	2f 62       	addc	#4,	r15	;r2 As==10
 316:	75 69       	addc.b	@r9+,	r5	
 318:	6c 64       	addc.b	@r4,	r12	
 31a:	64 2f       	jc	$-310    	;abs 0x1e4
 31c:	67 63       	addc.b	#2,	r7	;r3 As==10
 31e:	63 2d       	jc	$+712    	;abs 0x5e6
 320:	6d 73       	subc.b	#2,	r13	;r3 As==10
 322:	70 34       	jge	$+226    	;abs 0x404
 324:	33 30       	jn	$+104    	;abs 0x38c
 326:	2d 34       	jge	$+92     	;abs 0x382
 328:	2e 35       	jge	$+606    	;abs 0x586
 32a:	2e 33       	jn	$-418    	;abs 0x188
 32c:	7e 6d       	addc.b	@r13+,	r14	
 32e:	73 70       	.word	0x7073;	????	Illegal as 2-op instr
 330:	67 63       	addc.b	#2,	r7	;r3 As==10
 332:	63 2d       	jc	$+712    	;abs 0x5fa
 334:	32 30       	jn	$+102    	;abs 0x39a
 336:	31 31       	jn	$+612    	;abs 0x59a
 338:	30 37       	jge	$-414    	;abs 0x19a
 33a:	31 36       	jge	$-924    	;abs 0xff9e
 33c:	2f 2e       	jc	$-928    	;abs 0xff9c
 33e:	2f 67       	addc	@r7,	r15	
 340:	63 63       	.word	0x6363;	????	Illegal as 2-op instr
 342:	2d 34       	jge	$+92     	;abs 0x39e
 344:	2e 35       	jge	$+606    	;abs 0x5a2
 346:	2e 33       	jn	$-418    	;abs 0x1a4
 348:	2f 67       	addc	@r7,	r15	
 34a:	63 63       	.word	0x6363;	????	Illegal as 2-op instr
 34c:	2f 63       	addc	#2,	r15	;r3 As==10
 34e:	6f 6e       	addc.b	@r14,	r15	
 350:	66 69       	addc.b	@r9,	r6	
 352:	67 2f       	jc	$-304    	;abs 0x222
 354:	6d 73       	subc.b	#2,	r13	;r3 As==10
 356:	70 34       	jge	$+226    	;abs 0x438
 358:	33 30       	jn	$+104    	;abs 0x3c0
 35a:	2f 63       	addc	#2,	r15	;r3 As==10
 35c:	72 74       	subc.b	@r4+,	r2	
 35e:	30 2e       	jc	$-926    	;abs 0xffc0
 360:	53 00       	.word	0x0053;	????	
 362:	2f 62       	addc	#4,	r15	;r2 As==10
 364:	75 69       	addc.b	@r9+,	r5	
 366:	6c 64       	addc.b	@r4,	r12	
 368:	2f 62       	addc	#4,	r15	;r2 As==10
 36a:	75 69       	addc.b	@r9+,	r5	
 36c:	6c 64       	addc.b	@r4,	r12	
 36e:	64 2f       	jc	$-310    	;abs 0x238
 370:	67 63       	addc.b	#2,	r7	;r3 As==10
 372:	63 2d       	jc	$+712    	;abs 0x63a
 374:	6d 73       	subc.b	#2,	r13	;r3 As==10
 376:	70 34       	jge	$+226    	;abs 0x458
 378:	33 30       	jn	$+104    	;abs 0x3e0
 37a:	2d 34       	jge	$+92     	;abs 0x3d6
 37c:	2e 35       	jge	$+606    	;abs 0x5da
 37e:	2e 33       	jn	$-418    	;abs 0x1dc
 380:	7e 6d       	addc.b	@r13+,	r14	
 382:	73 70       	.word	0x7073;	????	Illegal as 2-op instr
 384:	67 63       	addc.b	#2,	r7	;r3 As==10
 386:	63 2d       	jc	$+712    	;abs 0x64e
 388:	32 30       	jn	$+102    	;abs 0x3ee
 38a:	31 31       	jn	$+612    	;abs 0x5ee
 38c:	30 37       	jge	$-414    	;abs 0x1ee
 38e:	31 36       	jge	$-924    	;abs 0xfff2
 390:	2f 62       	addc	#4,	r15	;r2 As==10
 392:	75 69       	addc.b	@r9+,	r5	
 394:	6c 64       	addc.b	@r4,	r12	
 396:	2d 72       	subc	#4,	r13	;r2 As==10
 398:	65 73       	subc.b	#2,	r5	;r3 As==10
 39a:	75 6c       	addc.b	@r12+,	r5	
 39c:	74 2f       	jc	$-278    	;abs 0x286
 39e:	67 63       	addc.b	#2,	r7	;r3 As==10
 3a0:	63 00       	.word	0x0063;	????	
 3a2:	47 4e       	mov.b	r14,	r7	
 3a4:	55 20       	jnz	$+172    	;abs 0x450
 3a6:	41 53       	add.b	#0,	r1	;r3 As==00
 3a8:	20 32       	jn	$-958    	;abs 0xffea
 3aa:	2e 32       	jn	$-930    	;abs 0x8
 3ac:	31 2e       	jc	$-924    	;abs 0x10
 3ae:	39 30       	jn	$+116    	;abs 0x422
 3b0:	00 01       	.word	0x0100;	????	
 3b2:	80 b5 00 00 	bit	r5,	0x0000	;PC rel. 0x003b6
 3b6:	00 02       	.word	0x0200;	????	
 3b8:	00 64       	addc	r4,	r0	
 3ba:	00 00       	.word	0x0000;	????	
 3bc:	00 02       	.word	0x0200;	????	
 3be:	01 b0       	bit	r0,	r1	
 3c0:	02 00       	.word	0x0002;	????	
 3c2:	00 92       	cmp	r2,	r0	
 3c4:	f8 98 f8 2f 	cmp.b	@r8+,	12280(r8);0x2ff8(r8)
 3c8:	62 75       	subc.b	@r5,	r2	
 3ca:	69 6c       	addc.b	@r12,	r9	
 3cc:	64 2f       	jc	$-310    	;abs 0x296
 3ce:	62 75       	subc.b	@r5,	r2	
 3d0:	69 6c       	addc.b	@r12,	r9	
 3d2:	64 64       	addc.b	@r4,	r4	
 3d4:	2f 67       	addc	@r7,	r15	
 3d6:	63 63       	.word	0x6363;	????	Illegal as 2-op instr
 3d8:	2d 6d       	addc	@r13,	r13	
 3da:	73 70       	.word	0x7073;	????	Illegal as 2-op instr
 3dc:	34 33       	jn	$-406    	;abs 0x246
 3de:	30 2d       	jc	$+610    	;abs 0x640
 3e0:	34 2e       	jc	$-918    	;abs 0x4a
 3e2:	35 2e       	jc	$-916    	;abs 0x4e
 3e4:	33 7e       	.word	0x7e33;	????	Illegal as 2-op instr
 3e6:	6d 73       	subc.b	#2,	r13	;r3 As==10
 3e8:	70 67       	addc.b	@r7+,	r0	
 3ea:	63 63       	.word	0x6363;	????	Illegal as 2-op instr
 3ec:	2d 32       	jn	$-932    	;abs 0x48
 3ee:	30 31       	jn	$+610    	;abs 0x650
 3f0:	31 30       	jn	$+100    	;abs 0x454
 3f2:	37 31       	jn	$+624    	;abs 0x662
 3f4:	36 2f       	jc	$-402    	;abs 0x262
 3f6:	2e 2f       	jc	$-418    	;abs 0x254
 3f8:	67 63       	addc.b	#2,	r7	;r3 As==10
 3fa:	63 2d       	jc	$+712    	;abs 0x6c2
 3fc:	34 2e       	jc	$-918    	;abs 0x66
 3fe:	35 2e       	jc	$-916    	;abs 0x6a
 400:	33 2f       	jc	$-408    	;abs 0x268
 402:	67 63       	addc.b	#2,	r7	;r3 As==10
 404:	63 2f       	jc	$-312    	;abs 0x2cc
 406:	63 6f       	.word	0x6f63;	????	Illegal as 2-op instr
 408:	6e 66       	addc.b	@r6,	r14	
 40a:	69 67       	addc.b	@r7,	r9	
 40c:	2f 6d       	addc	@r13,	r15	
 40e:	73 70       	.word	0x7073;	????	Illegal as 2-op instr
 410:	34 33       	jn	$-406    	;abs 0x27a
 412:	30 2f       	jc	$-414    	;abs 0x274
 414:	63 72       	.word	0x7263;	????	Illegal as 2-op instr
 416:	74 30       	jn	$+234    	;abs 0x500
 418:	2e 53       	incd	r14		
 41a:	00 2f       	jc	$-510    	;abs 0x21c
 41c:	62 75       	subc.b	@r5,	r2	
 41e:	69 6c       	addc.b	@r12,	r9	
 420:	64 2f       	jc	$-310    	;abs 0x2ea
 422:	62 75       	subc.b	@r5,	r2	
 424:	69 6c       	addc.b	@r12,	r9	
 426:	64 64       	addc.b	@r4,	r4	
 428:	2f 67       	addc	@r7,	r15	
 42a:	63 63       	.word	0x6363;	????	Illegal as 2-op instr
 42c:	2d 6d       	addc	@r13,	r13	
 42e:	73 70       	.word	0x7073;	????	Illegal as 2-op instr
 430:	34 33       	jn	$-406    	;abs 0x29a
 432:	30 2d       	jc	$+610    	;abs 0x694
 434:	34 2e       	jc	$-918    	;abs 0x9e
 436:	35 2e       	jc	$-916    	;abs 0xa2
 438:	33 7e       	.word	0x7e33;	????	Illegal as 2-op instr
 43a:	6d 73       	subc.b	#2,	r13	;r3 As==10
 43c:	70 67       	addc.b	@r7+,	r0	
 43e:	63 63       	.word	0x6363;	????	Illegal as 2-op instr
 440:	2d 32       	jn	$-932    	;abs 0x9c
 442:	30 31       	jn	$+610    	;abs 0x6a4
 444:	31 30       	jn	$+100    	;abs 0x4a8
 446:	37 31       	jn	$+624    	;abs 0x6b6
 448:	36 2f       	jc	$-402    	;abs 0x2b6
 44a:	62 75       	subc.b	@r5,	r2	
 44c:	69 6c       	addc.b	@r12,	r9	
 44e:	64 2d       	jc	$+714    	;abs 0x718
 450:	72 65       	addc.b	@r5+,	r2	
 452:	73 75       	.word	0x7573;	????	Illegal as 2-op instr
 454:	6c 74       	subc.b	@r4,	r12	
 456:	2f 67       	addc	@r7,	r15	
 458:	63 63       	.word	0x6363;	????	Illegal as 2-op instr
 45a:	00 47       	br	r7		
 45c:	4e 55       	add.b	r5,	r14	
 45e:	20 41       	br	@r1		
 460:	53 20       	jnz	$+168    	;abs 0x508
 462:	32 2e       	jc	$-922    	;abs 0xc8
 464:	32 31       	jn	$+614    	;abs 0x6ca
 466:	2e 39       	jl	$+606    	;abs 0x6c4
 468:	30 00       	.word	0x0030;	????	
 46a:	01 80       	sub	r0,	r1	
 46c:	b5 00       	.word	0x00b5;	????	
 46e:	00 00       	.word	0x0000;	????	
 470:	02 00       	.word	0x0002;	????	
 472:	78 00       	.word	0x0078;	????	
 474:	00 00       	.word	0x0000;	????	
 476:	02 01       	.word	0x0102;	????	
 478:	33 03       	.word	0x0333;	????	
 47a:	00 00       	.word	0x0000;	????	
 47c:	3e f9       	and	@r9+,	r14	
 47e:	40 f9       	and.b	r9,	r0	
 480:	2f 62       	addc	#4,	r15	;r2 As==10
 482:	75 69       	addc.b	@r9+,	r5	
 484:	6c 64       	addc.b	@r4,	r12	
 486:	2f 62       	addc	#4,	r15	;r2 As==10
 488:	75 69       	addc.b	@r9+,	r5	
 48a:	6c 64       	addc.b	@r4,	r12	
 48c:	64 2f       	jc	$-310    	;abs 0x356
 48e:	67 63       	addc.b	#2,	r7	;r3 As==10
 490:	63 2d       	jc	$+712    	;abs 0x758
 492:	6d 73       	subc.b	#2,	r13	;r3 As==10
 494:	70 34       	jge	$+226    	;abs 0x576
 496:	33 30       	jn	$+104    	;abs 0x4fe
 498:	2d 34       	jge	$+92     	;abs 0x4f4
 49a:	2e 35       	jge	$+606    	;abs 0x6f8
 49c:	2e 33       	jn	$-418    	;abs 0x2fa
 49e:	7e 6d       	addc.b	@r13+,	r14	
 4a0:	73 70       	.word	0x7073;	????	Illegal as 2-op instr
 4a2:	67 63       	addc.b	#2,	r7	;r3 As==10
 4a4:	63 2d       	jc	$+712    	;abs 0x76c
 4a6:	32 30       	jn	$+102    	;abs 0x50c
 4a8:	31 31       	jn	$+612    	;abs 0x70c
 4aa:	30 37       	jge	$-414    	;abs 0x30c
 4ac:	31 36       	jge	$-924    	;abs 0x110
 4ae:	2f 2e       	jc	$-928    	;abs 0x10e
 4b0:	2f 67       	addc	@r7,	r15	
 4b2:	63 63       	.word	0x6363;	????	Illegal as 2-op instr
 4b4:	2d 34       	jge	$+92     	;abs 0x510
 4b6:	2e 35       	jge	$+606    	;abs 0x714
 4b8:	2e 33       	jn	$-418    	;abs 0x316
 4ba:	2f 67       	addc	@r7,	r15	
 4bc:	63 63       	.word	0x6363;	????	Illegal as 2-op instr
 4be:	2f 63       	addc	#2,	r15	;r3 As==10
 4c0:	6f 6e       	addc.b	@r14,	r15	
 4c2:	66 69       	addc.b	@r9,	r6	
 4c4:	67 2f       	jc	$-304    	;abs 0x394
 4c6:	6d 73       	subc.b	#2,	r13	;r3 As==10
 4c8:	70 34       	jge	$+226    	;abs 0x5aa
 4ca:	33 30       	jn	$+104    	;abs 0x532
 4cc:	2f 63       	addc	#2,	r15	;r3 As==10
 4ce:	72 74       	subc.b	@r4+,	r2	
 4d0:	30 2e       	jc	$-926    	;abs 0x132
 4d2:	53 00       	.word	0x0053;	????	
 4d4:	2f 62       	addc	#4,	r15	;r2 As==10
 4d6:	75 69       	addc.b	@r9+,	r5	
 4d8:	6c 64       	addc.b	@r4,	r12	
 4da:	2f 62       	addc	#4,	r15	;r2 As==10
 4dc:	75 69       	addc.b	@r9+,	r5	
 4de:	6c 64       	addc.b	@r4,	r12	
 4e0:	64 2f       	jc	$-310    	;abs 0x3aa
 4e2:	67 63       	addc.b	#2,	r7	;r3 As==10
 4e4:	63 2d       	jc	$+712    	;abs 0x7ac
 4e6:	6d 73       	subc.b	#2,	r13	;r3 As==10
 4e8:	70 34       	jge	$+226    	;abs 0x5ca
 4ea:	33 30       	jn	$+104    	;abs 0x552
 4ec:	2d 34       	jge	$+92     	;abs 0x548
 4ee:	2e 35       	jge	$+606    	;abs 0x74c
 4f0:	2e 33       	jn	$-418    	;abs 0x34e
 4f2:	7e 6d       	addc.b	@r13+,	r14	
 4f4:	73 70       	.word	0x7073;	????	Illegal as 2-op instr
 4f6:	67 63       	addc.b	#2,	r7	;r3 As==10
 4f8:	63 2d       	jc	$+712    	;abs 0x7c0
 4fa:	32 30       	jn	$+102    	;abs 0x560
 4fc:	31 31       	jn	$+612    	;abs 0x760
 4fe:	30 37       	jge	$-414    	;abs 0x360
 500:	31 36       	jge	$-924    	;abs 0x164
 502:	2f 62       	addc	#4,	r15	;r2 As==10
 504:	75 69       	addc.b	@r9+,	r5	
 506:	6c 64       	addc.b	@r4,	r12	
 508:	2d 72       	subc	#4,	r13	;r2 As==10
 50a:	65 73       	subc.b	#2,	r5	;r3 As==10
 50c:	75 6c       	addc.b	@r12+,	r5	
 50e:	74 2f       	jc	$-278    	;abs 0x3f8
 510:	67 63       	addc.b	#2,	r7	;r3 As==10
 512:	63 00       	.word	0x0063;	????	
 514:	47 4e       	mov.b	r14,	r7	
 516:	55 20       	jnz	$+172    	;abs 0x5c2
 518:	41 53       	add.b	#0,	r1	;r3 As==00
 51a:	20 32       	jn	$-958    	;abs 0x15c
 51c:	2e 32       	jn	$-930    	;abs 0x17a
 51e:	31 2e       	jc	$-924    	;abs 0x182
 520:	39 30       	jn	$+116    	;abs 0x594
 522:	00 01       	.word	0x0100;	????	
 524:	80 00       	Address 0x00000524 is out of bounds.
Address 0x00000526 is out of bounds.
and.b	@r15+,	-1(r15)	;0xffff(r15)

Disassembly of section .debug_abbrev:

00000000 <.debug_abbrev>:
   0:	01 11       	rra	r1		
   2:	00 10       	rrc	r0		
   4:	06 11       	rra	r6		
   6:	01 12       	push	r1		
   8:	01 03       	.word	0x0301;	????	
   a:	08 1b       	.word	0x1b08;	????	
   c:	08 25       	jz	$+530    	;abs 0x21e
   e:	08 13       	reti			;return from interupt
  10:	05 00       	.word	0x0005;	????	
  12:	00 00       	.word	0x0000;	????	
  14:	01 11       	rra	r1		
  16:	00 10       	rrc	r0		
  18:	06 11       	rra	r6		
  1a:	01 12       	push	r1		
  1c:	01 03       	.word	0x0301;	????	
  1e:	08 1b       	.word	0x1b08;	????	
  20:	08 25       	jz	$+530    	;abs 0x232
  22:	08 13       	reti			;return from interupt
  24:	05 00       	.word	0x0005;	????	
  26:	00 00       	.word	0x0000;	????	
  28:	01 11       	rra	r1		
  2a:	00 10       	rrc	r0		
  2c:	06 11       	rra	r6		
  2e:	01 12       	push	r1		
  30:	01 03       	.word	0x0301;	????	
  32:	08 1b       	.word	0x1b08;	????	
  34:	08 25       	jz	$+530    	;abs 0x246
  36:	08 13       	reti			;return from interupt
  38:	05 00       	.word	0x0005;	????	
  3a:	00 00       	.word	0x0000;	????	
  3c:	01 11       	rra	r1		
  3e:	00 10       	rrc	r0		
  40:	06 11       	rra	r6		
  42:	01 12       	push	r1		
  44:	01 03       	.word	0x0301;	????	
  46:	08 1b       	.word	0x1b08;	????	
  48:	08 25       	jz	$+530    	;abs 0x25a
  4a:	08 13       	reti			;return from interupt
  4c:	05 00       	.word	0x0005;	????	
  4e:	00 00       	.word	0x0000;	????	
  50:	01 11       	rra	r1		
  52:	00 10       	rrc	r0		
  54:	06 11       	rra	r6		
  56:	01 12       	push	r1		
  58:	01 03       	.word	0x0301;	????	
  5a:	08 1b       	.word	0x1b08;	????	
  5c:	08 25       	jz	$+530    	;abs 0x26e
  5e:	08 13       	reti			;return from interupt
  60:	05 00       	.word	0x0005;	????	
  62:	00 00       	.word	0x0000;	????	
  64:	01 11       	rra	r1		
  66:	00 10       	rrc	r0		
  68:	06 11       	rra	r6		
  6a:	01 12       	push	r1		
  6c:	01 03       	.word	0x0301;	????	
  6e:	08 1b       	.word	0x1b08;	????	
  70:	08 25       	jz	$+530    	;abs 0x282
  72:	08 13       	reti			;return from interupt
  74:	05 00       	.word	0x0005;	????	
  76:	00 00       	.word	0x0000;	????	
  78:	01 11       	rra	r1		
  7a:	00 10       	rrc	r0		
  7c:	06 11       	rra	r6		
  7e:	01 12       	push	r1		
  80:	01 03       	.word	0x0301;	????	
  82:	08 1b       	.word	0x1b08;	????	
  84:	08 25       	jz	$+530    	;abs 0x296
  86:	08 13       	reti			;return from interupt
  88:	05 00       	.word	0x0005;	????	
	...

Disassembly of section .debug_line:

00000000 <.debug_line>:
   0:	96 00       	.word	0x0096;	????	
   2:	00 00       	.word	0x0000;	????	
   4:	02 00       	.word	0x0002;	????	
   6:	76 00       	.word	0x0076;	????	
   8:	00 00       	.word	0x0000;	????	
   a:	01 01       	.word	0x0101;	????	
   c:	fb 0e       	.word	0x0efb;	????	
   e:	0d 00       	.word	0x000d;	????	
  10:	01 01       	.word	0x0101;	????	
  12:	01 01       	.word	0x0101;	????	
  14:	00 00       	.word	0x0000;	????	
  16:	00 01       	.word	0x0100;	????	
  18:	00 00       	.word	0x0000;	????	
  1a:	01 2f       	jc	$-508    	;abs 0xfe1e
  1c:	62 75       	subc.b	@r5,	r2	
  1e:	69 6c       	addc.b	@r12,	r9	
  20:	64 2f       	jc	$-310    	;abs 0xfeea
  22:	62 75       	subc.b	@r5,	r2	
  24:	69 6c       	addc.b	@r12,	r9	
  26:	64 64       	addc.b	@r4,	r4	
  28:	2f 67       	addc	@r7,	r15	
  2a:	63 63       	.word	0x6363;	????	Illegal as 2-op instr
  2c:	2d 6d       	addc	@r13,	r13	
  2e:	73 70       	.word	0x7073;	????	Illegal as 2-op instr
  30:	34 33       	jn	$-406    	;abs 0xfe9a
  32:	30 2d       	jc	$+610    	;abs 0x294
  34:	34 2e       	jc	$-918    	;abs 0xfc9e
  36:	35 2e       	jc	$-916    	;abs 0xfca2
  38:	33 7e       	.word	0x7e33;	????	Illegal as 2-op instr
  3a:	6d 73       	subc.b	#2,	r13	;r3 As==10
  3c:	70 67       	addc.b	@r7+,	r0	
  3e:	63 63       	.word	0x6363;	????	Illegal as 2-op instr
  40:	2d 32       	jn	$-932    	;abs 0xfc9c
  42:	30 31       	jn	$+610    	;abs 0x2a4
  44:	31 30       	jn	$+100    	;abs 0xa8
  46:	37 31       	jn	$+624    	;abs 0x2b6
  48:	36 2f       	jc	$-402    	;abs 0xfeb6
  4a:	2e 2f       	jc	$-418    	;abs 0xfea8
  4c:	67 63       	addc.b	#2,	r7	;r3 As==10
  4e:	63 2d       	jc	$+712    	;abs 0x316
  50:	34 2e       	jc	$-918    	;abs 0xfcba
  52:	35 2e       	jc	$-916    	;abs 0xfcbe
  54:	33 2f       	jc	$-408    	;abs 0xfebc
  56:	6c 69       	addc.b	@r9,	r12	
  58:	62 67       	addc.b	@r7,	r2	
  5a:	63 63       	.word	0x6363;	????	Illegal as 2-op instr
  5c:	2f 2e       	jc	$-928    	;abs 0xfcbc
  5e:	2e 2f       	jc	$-418    	;abs 0xfebc
  60:	67 63       	addc.b	#2,	r7	;r3 As==10
  62:	63 2f       	jc	$-312    	;abs 0xff2a
  64:	63 6f       	.word	0x6f63;	????	Illegal as 2-op instr
  66:	6e 66       	addc.b	@r6,	r14	
  68:	69 67       	addc.b	@r7,	r9	
  6a:	2f 6d       	addc	@r13,	r15	
  6c:	73 70       	.word	0x7073;	????	Illegal as 2-op instr
  6e:	34 33       	jn	$-406    	;abs 0xfed8
  70:	30 00       	.word	0x0030;	????	
  72:	00 6c       	addc	r12,	r0	
  74:	69 62       	addc.b	#4,	r9	;r2 As==10
  76:	67 63       	addc.b	#2,	r7	;r3 As==10
  78:	63 2e       	jc	$-824    	;abs 0xfd40
  7a:	53 00       	.word	0x0053;	????	
  7c:	01 00       	.word	0x0001;	????	
  7e:	00 00       	.word	0x0000;	????	
  80:	00 03       	.word	0x0300;	????	
  82:	02 22       	jnz	$-1018   	;abs 0xfc88
  84:	f9 03       	.word	0x03f9;	????	
  86:	9a 03       	.word	0x039a;	????	
  88:	01 2f       	jc	$-508    	;abs 0xfe8c
  8a:	67 14       	.word	0x1467;	????	
  8c:	2f 2f       	jc	$-416    	;abs 0xfeec
  8e:	4b 13       	.word	0x134b;	????	
  90:	30 2f       	jc	$-414    	;abs 0xfef2
  92:	2f 4b       	mov	@r11,	r15	
  94:	13 02       	.word	0x0213;	????	
  96:	02 00       	.word	0x0002;	????	
  98:	01 01       	.word	0x0101;	????	
  9a:	7e 00       	.word	0x007e;	????	
  9c:	00 00       	.word	0x0000;	????	
  9e:	02 00       	.word	0x0002;	????	
  a0:	6a 00       	.word	0x006a;	????	
  a2:	00 00       	.word	0x0000;	????	
  a4:	01 01       	.word	0x0101;	????	
  a6:	fb 0e       	.word	0x0efb;	????	
  a8:	0d 00       	.word	0x000d;	????	
  aa:	01 01       	.word	0x0101;	????	
  ac:	01 01       	.word	0x0101;	????	
  ae:	00 00       	.word	0x0000;	????	
  b0:	00 01       	.word	0x0100;	????	
  b2:	00 00       	.word	0x0000;	????	
  b4:	01 2f       	jc	$-508    	;abs 0xfeb8
  b6:	62 75       	subc.b	@r5,	r2	
  b8:	69 6c       	addc.b	@r12,	r9	
  ba:	64 2f       	jc	$-310    	;abs 0xff84
  bc:	62 75       	subc.b	@r5,	r2	
  be:	69 6c       	addc.b	@r12,	r9	
  c0:	64 64       	addc.b	@r4,	r4	
  c2:	2f 67       	addc	@r7,	r15	
  c4:	63 63       	.word	0x6363;	????	Illegal as 2-op instr
  c6:	2d 6d       	addc	@r13,	r13	
  c8:	73 70       	.word	0x7073;	????	Illegal as 2-op instr
  ca:	34 33       	jn	$-406    	;abs 0xff34
  cc:	30 2d       	jc	$+610    	;abs 0x32e
  ce:	34 2e       	jc	$-918    	;abs 0xfd38
  d0:	35 2e       	jc	$-916    	;abs 0xfd3c
  d2:	33 7e       	.word	0x7e33;	????	Illegal as 2-op instr
  d4:	6d 73       	subc.b	#2,	r13	;r3 As==10
  d6:	70 67       	addc.b	@r7+,	r0	
  d8:	63 63       	.word	0x6363;	????	Illegal as 2-op instr
  da:	2d 32       	jn	$-932    	;abs 0xfd36
  dc:	30 31       	jn	$+610    	;abs 0x33e
  de:	31 30       	jn	$+100    	;abs 0x142
  e0:	37 31       	jn	$+624    	;abs 0x350
  e2:	36 2f       	jc	$-402    	;abs 0xff50
  e4:	2e 2f       	jc	$-418    	;abs 0xff42
  e6:	67 63       	addc.b	#2,	r7	;r3 As==10
  e8:	63 2d       	jc	$+712    	;abs 0x3b0
  ea:	34 2e       	jc	$-918    	;abs 0xfd54
  ec:	35 2e       	jc	$-916    	;abs 0xfd58
  ee:	33 2f       	jc	$-408    	;abs 0xff56
  f0:	67 63       	addc.b	#2,	r7	;r3 As==10
  f2:	63 2f       	jc	$-312    	;abs 0xffba
  f4:	63 6f       	.word	0x6f63;	????	Illegal as 2-op instr
  f6:	6e 66       	addc.b	@r6,	r14	
  f8:	69 67       	addc.b	@r7,	r9	
  fa:	2f 6d       	addc	@r13,	r15	
  fc:	73 70       	.word	0x7073;	????	Illegal as 2-op instr
  fe:	34 33       	jn	$-406    	;abs 0xff68
 100:	30 00       	.word	0x0030;	????	
 102:	00 63       	adc	r0		
 104:	72 74       	subc.b	@r4+,	r2	
 106:	30 2e       	jc	$-926    	;abs 0xfd68
 108:	53 00       	.word	0x0053;	????	
 10a:	01 00       	.word	0x0001;	????	
 10c:	00 00       	.word	0x0000;	????	
 10e:	00 03       	.word	0x0300;	????	
 110:	02 00       	.word	0x0002;	????	
 112:	f8 03       	.word	0x03f8;	????	
 114:	f5 00       	.word	0x00f5;	????	
 116:	01 02       	.word	0x0201;	????	
 118:	04 00       	.word	0x0004;	????	
 11a:	01 01       	.word	0x0101;	????	
 11c:	80 00       	.word	0x0080;	????	
 11e:	00 00       	.word	0x0000;	????	
 120:	02 00       	.word	0x0002;	????	
 122:	6a 00       	.word	0x006a;	????	
 124:	00 00       	.word	0x0000;	????	
 126:	01 01       	.word	0x0101;	????	
 128:	fb 0e       	.word	0x0efb;	????	
 12a:	0d 00       	.word	0x000d;	????	
 12c:	01 01       	.word	0x0101;	????	
 12e:	01 01       	.word	0x0101;	????	
 130:	00 00       	.word	0x0000;	????	
 132:	00 01       	.word	0x0100;	????	
 134:	00 00       	.word	0x0000;	????	
 136:	01 2f       	jc	$-508    	;abs 0xff3a
 138:	62 75       	subc.b	@r5,	r2	
 13a:	69 6c       	addc.b	@r12,	r9	
 13c:	64 2f       	jc	$-310    	;abs 0x6
 13e:	62 75       	subc.b	@r5,	r2	
 140:	69 6c       	addc.b	@r12,	r9	
 142:	64 64       	addc.b	@r4,	r4	
 144:	2f 67       	addc	@r7,	r15	
 146:	63 63       	.word	0x6363;	????	Illegal as 2-op instr
 148:	2d 6d       	addc	@r13,	r13	
 14a:	73 70       	.word	0x7073;	????	Illegal as 2-op instr
 14c:	34 33       	jn	$-406    	;abs 0xffb6
 14e:	30 2d       	jc	$+610    	;abs 0x3b0
 150:	34 2e       	jc	$-918    	;abs 0xfdba
 152:	35 2e       	jc	$-916    	;abs 0xfdbe
 154:	33 7e       	.word	0x7e33;	????	Illegal as 2-op instr
 156:	6d 73       	subc.b	#2,	r13	;r3 As==10
 158:	70 67       	addc.b	@r7+,	r0	
 15a:	63 63       	.word	0x6363;	????	Illegal as 2-op instr
 15c:	2d 32       	jn	$-932    	;abs 0xfdb8
 15e:	30 31       	jn	$+610    	;abs 0x3c0
 160:	31 30       	jn	$+100    	;abs 0x1c4
 162:	37 31       	jn	$+624    	;abs 0x3d2
 164:	36 2f       	jc	$-402    	;abs 0xffd2
 166:	2e 2f       	jc	$-418    	;abs 0xffc4
 168:	67 63       	addc.b	#2,	r7	;r3 As==10
 16a:	63 2d       	jc	$+712    	;abs 0x432
 16c:	34 2e       	jc	$-918    	;abs 0xfdd6
 16e:	35 2e       	jc	$-916    	;abs 0xfdda
 170:	33 2f       	jc	$-408    	;abs 0xffd8
 172:	67 63       	addc.b	#2,	r7	;r3 As==10
 174:	63 2f       	jc	$-312    	;abs 0x3c
 176:	63 6f       	.word	0x6f63;	????	Illegal as 2-op instr
 178:	6e 66       	addc.b	@r6,	r14	
 17a:	69 67       	addc.b	@r7,	r9	
 17c:	2f 6d       	addc	@r13,	r15	
 17e:	73 70       	.word	0x7073;	????	Illegal as 2-op instr
 180:	34 33       	jn	$-406    	;abs 0xffea
 182:	30 00       	.word	0x0030;	????	
 184:	00 63       	adc	r0		
 186:	72 74       	subc.b	@r4+,	r2	
 188:	30 2e       	jc	$-926    	;abs 0xfdea
 18a:	53 00       	.word	0x0053;	????	
 18c:	01 00       	.word	0x0001;	????	
 18e:	00 00       	.word	0x0000;	????	
 190:	00 03       	.word	0x0300;	????	
 192:	02 04       	.word	0x0402;	????	
 194:	f8 03       	.word	0x03f8;	????	
 196:	8a 01       	.word	0x018a;	????	
 198:	01 4b       	mov	r11,	r1	
 19a:	2f 02       	.word	0x022f;	????	
 19c:	04 00       	.word	0x0004;	????	
 19e:	01 01       	.word	0x0101;	????	
 1a0:	84 00       	.word	0x0084;	????	
 1a2:	00 00       	.word	0x0000;	????	
 1a4:	02 00       	.word	0x0002;	????	
 1a6:	6a 00       	.word	0x006a;	????	
 1a8:	00 00       	.word	0x0000;	????	
 1aa:	01 01       	.word	0x0101;	????	
 1ac:	fb 0e       	.word	0x0efb;	????	
 1ae:	0d 00       	.word	0x000d;	????	
 1b0:	01 01       	.word	0x0101;	????	
 1b2:	01 01       	.word	0x0101;	????	
 1b4:	00 00       	.word	0x0000;	????	
 1b6:	00 01       	.word	0x0100;	????	
 1b8:	00 00       	.word	0x0000;	????	
 1ba:	01 2f       	jc	$-508    	;abs 0xffbe
 1bc:	62 75       	subc.b	@r5,	r2	
 1be:	69 6c       	addc.b	@r12,	r9	
 1c0:	64 2f       	jc	$-310    	;abs 0x8a
 1c2:	62 75       	subc.b	@r5,	r2	
 1c4:	69 6c       	addc.b	@r12,	r9	
 1c6:	64 64       	addc.b	@r4,	r4	
 1c8:	2f 67       	addc	@r7,	r15	
 1ca:	63 63       	.word	0x6363;	????	Illegal as 2-op instr
 1cc:	2d 6d       	addc	@r13,	r13	
 1ce:	73 70       	.word	0x7073;	????	Illegal as 2-op instr
 1d0:	34 33       	jn	$-406    	;abs 0x3a
 1d2:	30 2d       	jc	$+610    	;abs 0x434
 1d4:	34 2e       	jc	$-918    	;abs 0xfe3e
 1d6:	35 2e       	jc	$-916    	;abs 0xfe42
 1d8:	33 7e       	.word	0x7e33;	????	Illegal as 2-op instr
 1da:	6d 73       	subc.b	#2,	r13	;r3 As==10
 1dc:	70 67       	addc.b	@r7+,	r0	
 1de:	63 63       	.word	0x6363;	????	Illegal as 2-op instr
 1e0:	2d 32       	jn	$-932    	;abs 0xfe3c
 1e2:	30 31       	jn	$+610    	;abs 0x444
 1e4:	31 30       	jn	$+100    	;abs 0x248
 1e6:	37 31       	jn	$+624    	;abs 0x456
 1e8:	36 2f       	jc	$-402    	;abs 0x56
 1ea:	2e 2f       	jc	$-418    	;abs 0x48
 1ec:	67 63       	addc.b	#2,	r7	;r3 As==10
 1ee:	63 2d       	jc	$+712    	;abs 0x4b6
 1f0:	34 2e       	jc	$-918    	;abs 0xfe5a
 1f2:	35 2e       	jc	$-916    	;abs 0xfe5e
 1f4:	33 2f       	jc	$-408    	;abs 0x5c
 1f6:	67 63       	addc.b	#2,	r7	;r3 As==10
 1f8:	63 2f       	jc	$-312    	;abs 0xc0
 1fa:	63 6f       	.word	0x6f63;	????	Illegal as 2-op instr
 1fc:	6e 66       	addc.b	@r6,	r14	
 1fe:	69 67       	addc.b	@r7,	r9	
 200:	2f 6d       	addc	@r13,	r15	
 202:	73 70       	.word	0x7073;	????	Illegal as 2-op instr
 204:	34 33       	jn	$-406    	;abs 0x6e
 206:	30 00       	.word	0x0030;	????	
 208:	00 63       	adc	r0		
 20a:	72 74       	subc.b	@r4+,	r2	
 20c:	30 2e       	jc	$-926    	;abs 0xfe6e
 20e:	53 00       	.word	0x0053;	????	
 210:	01 00       	.word	0x0001;	????	
 212:	00 00       	.word	0x0000;	????	
 214:	00 03       	.word	0x0300;	????	
 216:	02 0e       	.word	0x0e02;	????	
 218:	f8 03       	.word	0x03f8;	????	
 21a:	9f 01       	.word	0x019f;	????	
 21c:	01 4b       	mov	r11,	r1	
 21e:	4b 14       	.word	0x144b;	????	
 220:	4b 2f       	jc	$-360    	;abs 0xb8
 222:	83 02       	.word	0x0283;	????	
 224:	00 00       	.word	0x0000;	????	
 226:	01 01       	.word	0x0101;	????	
 228:	84 00       	.word	0x0084;	????	
 22a:	00 00       	.word	0x0000;	????	
 22c:	02 00       	.word	0x0002;	????	
 22e:	6a 00       	.word	0x006a;	????	
 230:	00 00       	.word	0x0000;	????	
 232:	01 01       	.word	0x0101;	????	
 234:	fb 0e       	.word	0x0efb;	????	
 236:	0d 00       	.word	0x000d;	????	
 238:	01 01       	.word	0x0101;	????	
 23a:	01 01       	.word	0x0101;	????	
 23c:	00 00       	.word	0x0000;	????	
 23e:	00 01       	.word	0x0100;	????	
 240:	00 00       	.word	0x0000;	????	
 242:	01 2f       	jc	$-508    	;abs 0x46
 244:	62 75       	subc.b	@r5,	r2	
 246:	69 6c       	addc.b	@r12,	r9	
 248:	64 2f       	jc	$-310    	;abs 0x112
 24a:	62 75       	subc.b	@r5,	r2	
 24c:	69 6c       	addc.b	@r12,	r9	
 24e:	64 64       	addc.b	@r4,	r4	
 250:	2f 67       	addc	@r7,	r15	
 252:	63 63       	.word	0x6363;	????	Illegal as 2-op instr
 254:	2d 6d       	addc	@r13,	r13	
 256:	73 70       	.word	0x7073;	????	Illegal as 2-op instr
 258:	34 33       	jn	$-406    	;abs 0xc2
 25a:	30 2d       	jc	$+610    	;abs 0x4bc
 25c:	34 2e       	jc	$-918    	;abs 0xfec6
 25e:	35 2e       	jc	$-916    	;abs 0xfeca
 260:	33 7e       	.word	0x7e33;	????	Illegal as 2-op instr
 262:	6d 73       	subc.b	#2,	r13	;r3 As==10
 264:	70 67       	addc.b	@r7+,	r0	
 266:	63 63       	.word	0x6363;	????	Illegal as 2-op instr
 268:	2d 32       	jn	$-932    	;abs 0xfec4
 26a:	30 31       	jn	$+610    	;abs 0x4cc
 26c:	31 30       	jn	$+100    	;abs 0x2d0
 26e:	37 31       	jn	$+624    	;abs 0x4de
 270:	36 2f       	jc	$-402    	;abs 0xde
 272:	2e 2f       	jc	$-418    	;abs 0xd0
 274:	67 63       	addc.b	#2,	r7	;r3 As==10
 276:	63 2d       	jc	$+712    	;abs 0x53e
 278:	34 2e       	jc	$-918    	;abs 0xfee2
 27a:	35 2e       	jc	$-916    	;abs 0xfee6
 27c:	33 2f       	jc	$-408    	;abs 0xe4
 27e:	67 63       	addc.b	#2,	r7	;r3 As==10
 280:	63 2f       	jc	$-312    	;abs 0x148
 282:	63 6f       	.word	0x6f63;	????	Illegal as 2-op instr
 284:	6e 66       	addc.b	@r6,	r14	
 286:	69 67       	addc.b	@r7,	r9	
 288:	2f 6d       	addc	@r13,	r15	
 28a:	73 70       	.word	0x7073;	????	Illegal as 2-op instr
 28c:	34 33       	jn	$-406    	;abs 0xf6
 28e:	30 00       	.word	0x0030;	????	
 290:	00 63       	adc	r0		
 292:	72 74       	subc.b	@r4+,	r2	
 294:	30 2e       	jc	$-926    	;abs 0xfef6
 296:	53 00       	.word	0x0053;	????	
 298:	01 00       	.word	0x0001;	????	
 29a:	00 00       	.word	0x0000;	????	
 29c:	00 03       	.word	0x0300;	????	
 29e:	02 24       	jz	$+6      	;abs 0x2a4
 2a0:	f8 03       	.word	0x03f8;	????	
 2a2:	b9 01       	.word	0x01b9;	????	
 2a4:	01 4b       	mov	r11,	r1	
 2a6:	4b 14       	.word	0x144b;	????	
 2a8:	4b 2f       	jc	$-360    	;abs 0x140
 2aa:	67 02       	.word	0x0267;	????	
 2ac:	00 00       	.word	0x0000;	????	
 2ae:	01 01       	.word	0x0101;	????	
 2b0:	7f 00       	.word	0x007f;	????	
 2b2:	00 00       	.word	0x0000;	????	
 2b4:	02 00       	.word	0x0002;	????	
 2b6:	6a 00       	.word	0x006a;	????	
 2b8:	00 00       	.word	0x0000;	????	
 2ba:	01 01       	.word	0x0101;	????	
 2bc:	fb 0e       	.word	0x0efb;	????	
 2be:	0d 00       	.word	0x000d;	????	
 2c0:	01 01       	.word	0x0101;	????	
 2c2:	01 01       	.word	0x0101;	????	
 2c4:	00 00       	.word	0x0000;	????	
 2c6:	00 01       	.word	0x0100;	????	
 2c8:	00 00       	.word	0x0000;	????	
 2ca:	01 2f       	jc	$-508    	;abs 0xce
 2cc:	62 75       	subc.b	@r5,	r2	
 2ce:	69 6c       	addc.b	@r12,	r9	
 2d0:	64 2f       	jc	$-310    	;abs 0x19a
 2d2:	62 75       	subc.b	@r5,	r2	
 2d4:	69 6c       	addc.b	@r12,	r9	
 2d6:	64 64       	addc.b	@r4,	r4	
 2d8:	2f 67       	addc	@r7,	r15	
 2da:	63 63       	.word	0x6363;	????	Illegal as 2-op instr
 2dc:	2d 6d       	addc	@r13,	r13	
 2de:	73 70       	.word	0x7073;	????	Illegal as 2-op instr
 2e0:	34 33       	jn	$-406    	;abs 0x14a
 2e2:	30 2d       	jc	$+610    	;abs 0x544
 2e4:	34 2e       	jc	$-918    	;abs 0xff4e
 2e6:	35 2e       	jc	$-916    	;abs 0xff52
 2e8:	33 7e       	.word	0x7e33;	????	Illegal as 2-op instr
 2ea:	6d 73       	subc.b	#2,	r13	;r3 As==10
 2ec:	70 67       	addc.b	@r7+,	r0	
 2ee:	63 63       	.word	0x6363;	????	Illegal as 2-op instr
 2f0:	2d 32       	jn	$-932    	;abs 0xff4c
 2f2:	30 31       	jn	$+610    	;abs 0x554
 2f4:	31 30       	jn	$+100    	;abs 0x358
 2f6:	37 31       	jn	$+624    	;abs 0x566
 2f8:	36 2f       	jc	$-402    	;abs 0x166
 2fa:	2e 2f       	jc	$-418    	;abs 0x158
 2fc:	67 63       	addc.b	#2,	r7	;r3 As==10
 2fe:	63 2d       	jc	$+712    	;abs 0x5c6
 300:	34 2e       	jc	$-918    	;abs 0xff6a
 302:	35 2e       	jc	$-916    	;abs 0xff6e
 304:	33 2f       	jc	$-408    	;abs 0x16c
 306:	67 63       	addc.b	#2,	r7	;r3 As==10
 308:	63 2f       	jc	$-312    	;abs 0x1d0
 30a:	63 6f       	.word	0x6f63;	????	Illegal as 2-op instr
 30c:	6e 66       	addc.b	@r6,	r14	
 30e:	69 67       	addc.b	@r7,	r9	
 310:	2f 6d       	addc	@r13,	r15	
 312:	73 70       	.word	0x7073;	????	Illegal as 2-op instr
 314:	34 33       	jn	$-406    	;abs 0x17e
 316:	30 00       	.word	0x0030;	????	
 318:	00 63       	adc	r0		
 31a:	72 74       	subc.b	@r4+,	r2	
 31c:	30 2e       	jc	$-926    	;abs 0xff7e
 31e:	53 00       	.word	0x0053;	????	
 320:	01 00       	.word	0x0001;	????	
 322:	00 00       	.word	0x0000;	????	
 324:	00 03       	.word	0x0300;	????	
 326:	02 92       	cmp	r2,	r2	
 328:	f8 03       	.word	0x03f8;	????	
 32a:	e1 01       	.word	0x01e1;	????	
 32c:	01 67       	addc	r7,	r1	
 32e:	02 00       	.word	0x0002;	????	
 330:	00 01       	.word	0x0100;	????	
 332:	01 7e       	subc	r14,	r1	
 334:	00 00       	.word	0x0000;	????	
 336:	00 02       	.word	0x0200;	????	
 338:	00 6a       	addc	r10,	r0	
 33a:	00 00       	.word	0x0000;	????	
 33c:	00 01       	.word	0x0100;	????	
 33e:	01 fb       	and	r11,	r1	
 340:	0e 0d       	.word	0x0d0e;	????	
 342:	00 01       	.word	0x0100;	????	
 344:	01 01       	.word	0x0101;	????	
 346:	01 00       	.word	0x0001;	????	
 348:	00 00       	.word	0x0000;	????	
 34a:	01 00       	.word	0x0001;	????	
 34c:	00 01       	.word	0x0100;	????	
 34e:	2f 62       	addc	#4,	r15	;r2 As==10
 350:	75 69       	addc.b	@r9+,	r5	
 352:	6c 64       	addc.b	@r4,	r12	
 354:	2f 62       	addc	#4,	r15	;r2 As==10
 356:	75 69       	addc.b	@r9+,	r5	
 358:	6c 64       	addc.b	@r4,	r12	
 35a:	64 2f       	jc	$-310    	;abs 0x224
 35c:	67 63       	addc.b	#2,	r7	;r3 As==10
 35e:	63 2d       	jc	$+712    	;abs 0x626
 360:	6d 73       	subc.b	#2,	r13	;r3 As==10
 362:	70 34       	jge	$+226    	;abs 0x444
 364:	33 30       	jn	$+104    	;abs 0x3cc
 366:	2d 34       	jge	$+92     	;abs 0x3c2
 368:	2e 35       	jge	$+606    	;abs 0x5c6
 36a:	2e 33       	jn	$-418    	;abs 0x1c8
 36c:	7e 6d       	addc.b	@r13+,	r14	
 36e:	73 70       	.word	0x7073;	????	Illegal as 2-op instr
 370:	67 63       	addc.b	#2,	r7	;r3 As==10
 372:	63 2d       	jc	$+712    	;abs 0x63a
 374:	32 30       	jn	$+102    	;abs 0x3da
 376:	31 31       	jn	$+612    	;abs 0x5da
 378:	30 37       	jge	$-414    	;abs 0x1da
 37a:	31 36       	jge	$-924    	;abs 0xffde
 37c:	2f 2e       	jc	$-928    	;abs 0xffdc
 37e:	2f 67       	addc	@r7,	r15	
 380:	63 63       	.word	0x6363;	????	Illegal as 2-op instr
 382:	2d 34       	jge	$+92     	;abs 0x3de
 384:	2e 35       	jge	$+606    	;abs 0x5e2
 386:	2e 33       	jn	$-418    	;abs 0x1e4
 388:	2f 67       	addc	@r7,	r15	
 38a:	63 63       	.word	0x6363;	????	Illegal as 2-op instr
 38c:	2f 63       	addc	#2,	r15	;r3 As==10
 38e:	6f 6e       	addc.b	@r14,	r15	
 390:	66 69       	addc.b	@r9,	r6	
 392:	67 2f       	jc	$-304    	;abs 0x262
 394:	6d 73       	subc.b	#2,	r13	;r3 As==10
 396:	70 34       	jge	$+226    	;abs 0x478
 398:	33 30       	jn	$+104    	;abs 0x400
 39a:	00 00       	.word	0x0000;	????	
 39c:	63 72       	.word	0x7263;	????	Illegal as 2-op instr
 39e:	74 30       	jn	$+234    	;abs 0x488
 3a0:	2e 53       	incd	r14		
 3a2:	00 01       	.word	0x0100;	????	
 3a4:	00 00       	.word	0x0000;	????	
 3a6:	00 00       	.word	0x0000;	????	
 3a8:	03 02       	.word	0x0203;	????	
 3aa:	3e f9       	and	@r9+,	r14	
 3ac:	03 b0       	.word	0xb003;	????	Illegal as 2-op instr
 3ae:	02 01       	.word	0x0102;	????	
 3b0:	02 02       	.word	0x0202;	????	
 3b2:	00 01       	.word	0x0100;	????	
 3b4:	01 00       	Address 0x000003b4 is out of bounds.
Address 0x000003b6 is out of bounds.
and.b	@r15+,	-1(r15)	;0xffff(r15)
